c:\users\lenovo\documents\github\ugd_sim\ugd simulator\ugd simulator\x64\debug\vc143.pdb
c:\users\lenovo\documents\github\ugd_sim\ugd simulator\ugd simulator\x64\debug\vc143.idb
c:\users\lenovo\documents\github\ugd_sim\ugd simulator\ugd simulator\x64\debug\userinfo.obj
c:\users\lenovo\documents\github\ugd_sim\ugd simulator\ugd simulator\x64\debug\tick.obj
c:\users\lenovo\documents\github\ugd_sim\ugd simulator\ugd simulator\x64\debug\main.obj
c:\users\lenovo\documents\github\ugd_sim\ugd simulator\ugd simulator\x64\debug\userhandler.obj
c:\users\lenovo\documents\github\ugd_sim\ugd simulator\ugd simulator\x64\debug\base.obj
c:\users\lenovo\documents\github\ugd_sim\ugd simulator\ugd simulator\x64\debug\contentinfo.obj
c:\users\lenovo\documents\github\ugd_sim\ugd simulator\ugd simulator\x64\debug\contenthandler.obj
c:\users\lenovo\documents\github\ugd_sim\ugd simulator\ugd simulator\x64\debug\datastructures.obj
c:\users\lenovo\documents\github\ugd_sim\ugd simulator\ugd simulator\x64\debug\commandhandler.obj
c:\users\lenovo\documents\github\ugd_sim\ugd simulator\x64\debug\ugd simulator.exe
c:\users\lenovo\documents\github\ugd_sim\ugd simulator\ugd simulator\x64\debug\ugd simulator.ilk
c:\users\lenovo\documents\github\ugd_sim\ugd simulator\x64\debug\ugd simulator.pdb
c:\users\lenovo\documents\github\ugd_sim\ugd simulator\ugd simulator\x64\debug\base.obj.enc
c:\users\lenovo\documents\github\ugd_sim\ugd simulator\ugd simulator\x64\debug\contenthandler.obj.enc
c:\users\lenovo\documents\github\ugd_sim\ugd simulator\ugd simulator\x64\debug\contentinfo.obj.enc
c:\users\lenovo\documents\github\ugd_sim\ugd simulator\ugd simulator\x64\debug\tick.obj.enc
c:\users\lenovo\documents\github\ugd_sim\ugd simulator\ugd simulator\x64\debug\userhandler.obj.enc
c:\users\lenovo\documents\github\ugd_sim\ugd simulator\ugd simulator\x64\debug\ugd simulator.tlog\cl.command.1.tlog
c:\users\lenovo\documents\github\ugd_sim\ugd simulator\ugd simulator\x64\debug\ugd simulator.tlog\cl.items.tlog
c:\users\lenovo\documents\github\ugd_sim\ugd simulator\ugd simulator\x64\debug\ugd simulator.tlog\cl.read.1.tlog
c:\users\lenovo\documents\github\ugd_sim\ugd simulator\ugd simulator\x64\debug\ugd simulator.tlog\cl.write.1.tlog
c:\users\lenovo\documents\github\ugd_sim\ugd simulator\ugd simulator\x64\debug\ugd simulator.tlog\link-cvtres.read.1.tlog
c:\users\lenovo\documents\github\ugd_sim\ugd simulator\ugd simulator\x64\debug\ugd simulator.tlog\link-cvtres.write.1.tlog
c:\users\lenovo\documents\github\ugd_sim\ugd simulator\ugd simulator\x64\debug\ugd simulator.tlog\link-rc.read.1.tlog
c:\users\lenovo\documents\github\ugd_sim\ugd simulator\ugd simulator\x64\debug\ugd simulator.tlog\link-rc.write.1.tlog
c:\users\lenovo\documents\github\ugd_sim\ugd simulator\ugd simulator\x64\debug\ugd simulator.tlog\link.23292-cvtres.read.1.tlog
c:\users\lenovo\documents\github\ugd_sim\ugd simulator\ugd simulator\x64\debug\ugd simulator.tlog\link.23292-cvtres.write.1.tlog
c:\users\lenovo\documents\github\ugd_sim\ugd simulator\ugd simulator\x64\debug\ugd simulator.tlog\link.23292-rc.read.1.tlog
c:\users\lenovo\documents\github\ugd_sim\ugd simulator\ugd simulator\x64\debug\ugd simulator.tlog\link.23292-rc.write.1.tlog
c:\users\lenovo\documents\github\ugd_sim\ugd simulator\ugd simulator\x64\debug\ugd simulator.tlog\link.23292.read.1.tlog
c:\users\lenovo\documents\github\ugd_sim\ugd simulator\ugd simulator\x64\debug\ugd simulator.tlog\link.23292.read.2.tlog
c:\users\lenovo\documents\github\ugd_sim\ugd simulator\ugd simulator\x64\debug\ugd simulator.tlog\link.23292.write.1.tlog
c:\users\lenovo\documents\github\ugd_sim\ugd simulator\ugd simulator\x64\debug\ugd simulator.tlog\link.command.1.tlog
c:\users\lenovo\documents\github\ugd_sim\ugd simulator\ugd simulator\x64\debug\ugd simulator.tlog\link.read.1.tlog
c:\users\lenovo\documents\github\ugd_sim\ugd simulator\ugd simulator\x64\debug\ugd simulator.tlog\link.read.2.tlog
c:\users\lenovo\documents\github\ugd_sim\ugd simulator\ugd simulator\x64\debug\ugd simulator.tlog\link.write.1.tlog
